TN:
SF:src/utils/JitoSubmitter.ts
FN:24,(anonymous_0)
FN:40,(anonymous_1)
FN:102,(anonymous_2)
FN:129,(anonymous_3)
FN:143,(anonymous_4)
FN:155,(anonymous_5)
FN:162,(anonymous_6)
FN:201,(anonymous_7)
FN:202,(anonymous_8)
FNF:9
FNH:6
FNDA:12,(anonymous_0)
FNDA:4,(anonymous_1)
FNDA:4,(anonymous_2)
FNDA:3,(anonymous_3)
FNDA:2,(anonymous_4)
FNDA:1,(anonymous_5)
FNDA:0,(anonymous_6)
FNDA:0,(anonymous_7)
FNDA:0,(anonymous_8)
DA:1,1
DA:3,1
DA:4,1
DA:10,1
DA:16,12
DA:29,12
DA:30,12
DA:33,12
DA:34,12
DA:50,4
DA:51,4
DA:52,4
DA:53,4
DA:55,4
DA:56,4
DA:59,4
DA:64,4
DA:67,4
DA:74,3
DA:75,0
DA:78,0
DA:81,0
DA:82,0
DA:85,0
DA:87,0
DA:88,0
DA:91,0
DA:92,0
DA:94,4
DA:95,4
DA:107,4
DA:111,4
DA:117,3
DA:123,3
DA:133,3
DA:137,3
DA:144,2
DA:145,2
DA:156,1
DA:166,0
DA:168,0
DA:169,0
DA:170,0
DA:172,0
DA:173,0
DA:175,0
DA:176,0
DA:182,0
DA:183,0
DA:189,0
DA:191,0
DA:195,0
DA:202,0
LF:53
LH:30
BRDA:50,0,0,4
BRDA:50,0,1,3
BRDA:51,1,0,4
BRDA:51,1,1,3
BRDA:78,2,0,0
BRDA:78,2,1,0
BRDA:87,3,0,0
BRDA:87,3,1,0
BRDA:131,4,0,1
BRDA:148,5,0,2
BRDA:148,5,1,0
BRDA:164,6,0,0
BRDA:172,7,0,0
BRDA:172,7,1,0
BRDA:172,8,0,0
BRDA:172,8,1,0
BRDA:175,9,0,0
BRDA:175,9,1,0
BRDA:175,10,0,0
BRDA:175,10,1,0
BRDA:182,11,0,0
BRDA:182,11,1,0
BRF:22
BRH:6
end_of_record
